<?xml version="1.0" encoding="UTF-8"?>
<!-- Generated by org.testng.reporters.JUnitReportReporter -->
<testsuite hostname="kosarau" failures="0" tests="1" name="framework.googleCloudPriceCalculatorApp.test.HardcoreTest" time="26.980" errors="0" timestamp="2021-04-16T21:48:38 MSK" skipped="0">
  <testcase classname="framework.googleCloudPriceCalculatorApp.test.HardcoreTest" name="googleCloudPriceEstimateTotalMonthlyCostInEmailIsTheSameAsOnEstimateResultPage" time="26.980"/>
  <system-out/>
</testsuite> <!-- framework.googleCloudPriceCalculatorApp.test.HardcoreTest -->
