<?xml version="1.0" encoding="UTF-8"?>
<!-- Generated by org.testng.reporters.JUnitReportReporter -->
<testsuite hostname="kosarau" failures="0" tests="1" name="framework.googleCloudPriceCalculatorApp.test.HurtMePlentyTest" time="20.465" errors="0" timestamp="2021-04-16T20:20:02 MSK" skipped="0">
  <testcase classname="framework.googleCloudPriceCalculatorApp.test.HurtMePlentyTest" name="googleCloudPriceEstimateIsCalculatedCorrectly" time="20.465"/>
  <system-out/>
</testsuite> <!-- framework.googleCloudPriceCalculatorApp.test.HurtMePlentyTest -->
