<?xml version="1.0" encoding="UTF-8"?>
<!-- Generated by org.testng.reporters.JUnitReportReporter -->
<testsuite hostname="kosarau" failures="0" tests="1" name="framework.googleCloudPriceCalculatorApp.test.HardcoreTest" time="27.720" errors="0" timestamp="2021-04-15T21:14:07 MSK" skipped="0">
  <testcase classname="framework.googleCloudPriceCalculatorApp.test.HardcoreTest" name="googleCloudPriceEstimateTotalMonthlyCostInEmailIsTheSameAsOnEstimateResultPage" time="27.720"/>
  <system-out/>
</testsuite> <!-- framework.googleCloudPriceCalculatorApp.test.HardcoreTest -->
